Unity Editor version:    2021.3.3f1 (af2e63e8f9bd)
Branch:                  2021.3/staging
Build type:              Release
Batch mode:              YES
macOS version:           Version 15.1.1 (Build 24B91)
Darwin version:          24.1.0
Architecture:            arm64
Running under Rosetta:   NO
Available memory:        18432 MB
Using pre-set license
Pro License: YES

COMMAND LINE ARGUMENTS:
/Applications/Unity/Hub/Editor/2021.3.3f1/Unity.app/Contents/MacOS/Unity
-adb2
-batchMode
-noUpm
-name
AssetImportWorker0
-projectPath
/Users/karimcharleux/Developer/Unity Multimodal/multimodal
-logFile
Logs/AssetImportWorker0.log
-srvPort
50456
Successfully changed project path to: /Users/karimcharleux/Developer/Unity Multimodal/multimodal
/Users/karimcharleux/Developer/Unity Multimodal/multimodal
[UnityMemory] Configuration Parameters - Can be set up in boot.config
    "memorysetup-bucket-allocator-granularity=16"
    "memorysetup-bucket-allocator-bucket-count=8"
    "memorysetup-bucket-allocator-block-size=33554432"
    "memorysetup-bucket-allocator-block-count=8"
    "memorysetup-main-allocator-block-size=16777216"
    "memorysetup-thread-allocator-block-size=16777216"
    "memorysetup-gfx-main-allocator-block-size=16777216"
    "memorysetup-gfx-thread-allocator-block-size=16777216"
    "memorysetup-cache-allocator-block-size=4194304"
    "memorysetup-typetree-allocator-block-size=2097152"
    "memorysetup-profiler-bucket-allocator-granularity=16"
    "memorysetup-profiler-bucket-allocator-bucket-count=8"
    "memorysetup-profiler-bucket-allocator-block-size=33554432"
    "memorysetup-profiler-bucket-allocator-block-count=8"
    "memorysetup-profiler-allocator-block-size=16777216"
    "memorysetup-profiler-editor-allocator-block-size=1048576"
    "memorysetup-temp-allocator-size-main=16777216"
    "memorysetup-job-temp-allocator-block-size=2097152"
    "memorysetup-job-temp-allocator-block-size-background=1048576"
    "memorysetup-job-temp-allocator-reduction-small-platforms=262144"
    "memorysetup-temp-allocator-size-background-worker=32768"
    "memorysetup-temp-allocator-size-job-worker=262144"
    "memorysetup-temp-allocator-size-preload-manager=33554432"
    "memorysetup-temp-allocator-size-nav-mesh-worker=65536"
    "memorysetup-temp-allocator-size-audio-worker=65536"
    "memorysetup-temp-allocator-size-cloud-worker=32768"
    "memorysetup-temp-allocator-size-gi-baking-worker=262144"
    "memorysetup-temp-allocator-size-gfx=262144"
Refreshing native plugins compatible for Editor in 45.00 ms, found 2 plugins.
Preloading 0 native plugins for Editor in 0.00 ms.
Initialize engine version: 2021.3.3f1 (af2e63e8f9bd)
[Subsystems] Discovering subsystems at path /Applications/Unity/Hub/Editor/2021.3.3f1/Unity.app/Contents/Resources/UnitySubsystems
[Subsystems] Discovering subsystems at path /Users/karimcharleux/Developer/Unity Multimodal/multimodal/Assets
GfxDevice: creating device client; threaded=0; jobified=0
 preferred device: Apple M3 Pro (high power)
Metal devices available: 1
0: Apple M3 Pro (high power)
Using device Apple M3 Pro (high power)
Initializing Metal device caps: Apple M3 Pro
Initialize mono
Mono path[0] = '/Applications/Unity/Hub/Editor/2021.3.3f1/Unity.app/Contents/Managed'
Mono path[1] = '/Applications/Unity/Hub/Editor/2021.3.3f1/Unity.app/Contents/MonoBleedingEdge/lib/mono/unityjit-macos'
Mono config path = '/Applications/Unity/Hub/Editor/2021.3.3f1/Unity.app/Contents/MonoBleedingEdge/etc'
Using monoOptions --debugger-agent=transport=dt_socket,embedding=1,server=y,suspend=n,address=127.0.0.1:56884
Begin MonoManager ReloadAssembly
Registering precompiled unity dll's ...
Register platform support module: /Applications/Unity/Hub/Editor/2021.3.3f1/Unity.app/Contents/PlaybackEngines/MacStandaloneSupport/UnityEditor.OSXStandalone.Extensions.dll
Register platform support module: /Applications/Unity/Hub/Editor/2021.3.3f1/PlaybackEngines/iOSSupport/UnityEditor.iOS.Extensions.dll
Registered in 0.001054 seconds.
[usbmuxd] Start listen thread
[usbmuxd] Listen thread started
[usbmuxd] Send listen message
Native extension for iOS target not found
Native extension for OSXStandalone target not found
Refreshing native plugins compatible for Editor in 43.63 ms, found 2 plugins.
Preloading 0 native plugins for Editor in 0.00 ms.
Mono: successfully reloaded assembly
- Completed reload, in  0.357 seconds
Domain Reload Profiling:
	ReloadAssembly (357ms)
		BeginReloadAssembly (49ms)
			ExecutionOrderSort (0ms)
			DisableScriptedObjects (0ms)
			BackupInstance (0ms)
			ReleaseScriptingObjects (0ms)
			CreateAndSetChildDomain (0ms)
		EndReloadAssembly (258ms)
			LoadAssemblies (50ms)
			RebuildTransferFunctionScriptingTraits (0ms)
			SetupTypeCache (53ms)
			ReleaseScriptCaches (0ms)
			RebuildScriptCaches (14ms)
			SetupLoadedEditorAssemblies (171ms)
				LogAssemblyErrors (0ms)
				InitializePlatformSupportModulesInManaged (39ms)
				SetLoadedEditorAssemblies (0ms)
				RefreshPlugins (44ms)
				BeforeProcessingInitializeOnLoad (0ms)
				ProcessInitializeOnLoadAttributes (70ms)
				ProcessInitializeOnLoadMethodAttributes (18ms)
				AfterProcessingInitializeOnLoad (0ms)
				EditorAssembliesLoaded (0ms)
			ExecutionOrderSort2 (0ms)
			AwakeInstancesAfterBackupRestoration (0ms)
Platform modules already initialized, skipping
Registering precompiled user dll's ...
Registered in 0.003753 seconds.
Begin MonoManager ReloadAssembly
Native extension for iOS target not found
Native extension for OSXStandalone target not found
Refreshing native plugins compatible for Editor in 42.85 ms, found 2 plugins.
Preloading 0 native plugins for Editor in 0.00 ms.
Mono: successfully reloaded assembly
- Completed reload, in  0.577 seconds
Domain Reload Profiling:
	ReloadAssembly (577ms)
		BeginReloadAssembly (48ms)
			ExecutionOrderSort (0ms)
			DisableScriptedObjects (2ms)
			BackupInstance (0ms)
			ReleaseScriptingObjects (0ms)
			CreateAndSetChildDomain (12ms)
		EndReloadAssembly (475ms)
			LoadAssemblies (49ms)
			RebuildTransferFunctionScriptingTraits (0ms)
			SetupTypeCache (132ms)
			ReleaseScriptCaches (0ms)
			RebuildScriptCaches (25ms)
			SetupLoadedEditorAssemblies (256ms)
				LogAssemblyErrors (0ms)
				InitializePlatformSupportModulesInManaged (10ms)
				SetLoadedEditorAssemblies (0ms)
				RefreshPlugins (43ms)
				BeforeProcessingInitializeOnLoad (32ms)
				ProcessInitializeOnLoadAttributes (165ms)
				ProcessInitializeOnLoadMethodAttributes (6ms)
				AfterProcessingInitializeOnLoad (0ms)
				EditorAssembliesLoaded (0ms)
			ExecutionOrderSort2 (0ms)
			AwakeInstancesAfterBackupRestoration (1ms)
Platform modules already initialized, skipping
========================================================================
Worker process is ready to serve import requests
Launching external process: /Applications/Unity/Hub/Editor/2021.3.3f1/Unity.app/Contents/Tools/UnityShaderCompiler
Launched and connected shader compiler UnityShaderCompiler after 0.05 seconds
Refreshing native plugins compatible for Editor in 0.28 ms, found 2 plugins.
Preloading 0 native plugins for Editor in 0.00 ms.
Unloading 3433 Unused Serialized files (Serialized files now loaded: 0)
Unloading 26 unused Assets / (41.4 KB). Loaded Objects now: 3895.
Memory consumption went from 78.8 MB to 78.8 MB.
Total: 2.044375 ms (FindLiveObjects: 0.110042 ms CreateObjectMapping: 0.032375 ms MarkObjects: 1.863584 ms  DeleteObjects: 0.038042 ms)

AssetImportParameters requested are different than current active one (requested -> active):
  custom:video-decoder-ogg-theora: a1e56fd34408186e4bbccfd4996cb3dc -> 
  custom:container-muxer-webm: aa71ff27fc2769a1b78a27578f13a17b -> 
  custom:container-demuxer-webm: 4f35f7cbe854078d1ac9338744f61a02 -> 
  custom:video-encoder-webm-vp8: eb34c28f22e8b96e1ab97ce403110664 -> 
  custom:framework-osx-AVFoundation: e770b220cccbd017edd2c1fefb359320 -> 
  custom:audio-encoder-webm-vorbis: bf7c407c2cedff20999df2af8eb42d56 -> 
  custom:container-demuxer-ogg: 62fdf1f143b41e24485cea50d1cbac27 -> 
  custom:video-decoder-webm-vp8: 9c59270c3fd7afecdb556c50c9e8de78 -> 
  custom:audio-decoder-ogg-vorbis: bf7c407c2cedff20999df2af8eb42d56 -> 
========================================================================
Received Import Request.
  Time since last request: 1878.796611 seconds.
  path: Assets/InputDeviceTester/Prefabs
  artifactKey: Guid(d8c9bb5e5a3ca3b41b61a2f982b37b7f) Importer(815301076,1909f56bfc062723c751e8b465ee728b)
Start importing Assets/InputDeviceTester/Prefabs using Guid(d8c9bb5e5a3ca3b41b61a2f982b37b7f) Importer(815301076,1909f56bfc062723c751e8b465ee728b)  -> (artifact id: '00278b403c475212bc19bcce188d5dfd') in 0.006138 seconds 
========================================================================
Received Import Request.
  Time since last request: 0.041215 seconds.
  path: Assets/InputDeviceTester/Prefabs/Key Highlight - Input Manager.prefab
  artifactKey: Guid(934906f496a0847c8bc0115a9fef4339) Importer(815301076,1909f56bfc062723c751e8b465ee728b)
Start importing Assets/InputDeviceTester/Prefabs/Key Highlight - Input Manager.prefab using Guid(934906f496a0847c8bc0115a9fef4339) Importer(815301076,1909f56bfc062723c751e8b465ee728b)  -> (artifact id: '0da4491e266afffbf28e8fd1114b350b') in 0.617871 seconds 
========================================================================
Received Import Request.
  Time since last request: 0.000064 seconds.
  path: Assets/InputDeviceTester/Prefabs/Touch Highlight - Input System.prefab
  artifactKey: Guid(9e2665d73f9cac8449369a0c220ddfe9) Importer(815301076,1909f56bfc062723c751e8b465ee728b)
Start importing Assets/InputDeviceTester/Prefabs/Touch Highlight - Input System.prefab using Guid(9e2665d73f9cac8449369a0c220ddfe9) Importer(815301076,1909f56bfc062723c751e8b465ee728b)  -> (artifact id: 'aec9ce5cc79ed72958db173bcf315fd9') in 0.046285 seconds 
========================================================================
Received Import Request.
  Time since last request: 7.354762 seconds.
  path: Assets/Resources
  artifactKey: Guid(aec17ce95d6d347c3a907f4a2a7daf3a) Importer(815301076,1909f56bfc062723c751e8b465ee728b)
Start importing Assets/Resources using Guid(aec17ce95d6d347c3a907f4a2a7daf3a) Importer(815301076,1909f56bfc062723c751e8b465ee728b)  -> (artifact id: 'ef7d51abd364ab004cc2b87f726aedf5') in 0.001373 seconds 
========================================================================
Received Import Request.
  Time since last request: 0.823028 seconds.
  path: Assets/Resources/3DAssets
  artifactKey: Guid(2e5719b9fff684eebad393beac93f21d) Importer(815301076,1909f56bfc062723c751e8b465ee728b)
Start importing Assets/Resources/3DAssets using Guid(2e5719b9fff684eebad393beac93f21d) Importer(815301076,1909f56bfc062723c751e8b465ee728b)  -> (artifact id: '5acfad2f03e0be80b32bbfd717a63ecd') in 0.001456 seconds 
========================================================================
Received Import Request.
  Time since last request: 0.640230 seconds.
  path: Assets/Resources/3DAssets/PolygonOffice
  artifactKey: Guid(450c37cf56d954ae7b9d9014e66ac3d7) Importer(815301076,1909f56bfc062723c751e8b465ee728b)
Start importing Assets/Resources/3DAssets/PolygonOffice using Guid(450c37cf56d954ae7b9d9014e66ac3d7) Importer(815301076,1909f56bfc062723c751e8b465ee728b)  -> (artifact id: 'de7c6698ba940d823d29cfc401aef61a') in 0.001387 seconds 
========================================================================
Received Import Request.
  Time since last request: 1.088307 seconds.
  path: Assets/Resources/3DAssets/PolygonOffice/Materials
  artifactKey: Guid(55c8414f86b6e468485b5facbd5e9bb9) Importer(815301076,1909f56bfc062723c751e8b465ee728b)
Start importing Assets/Resources/3DAssets/PolygonOffice/Materials using Guid(55c8414f86b6e468485b5facbd5e9bb9) Importer(815301076,1909f56bfc062723c751e8b465ee728b)  -> (artifact id: 'ce72cc92495ddd1072c3efdc82f27202') in 0.001630 seconds 
========================================================================
Received Import Request.
  Time since last request: 0.047907 seconds.
  path: Assets/Resources/3DAssets/PolygonOffice/Materials/PolygonOffice_Material_01_A.mat
  artifactKey: Guid(2f834016e53f12c42a12baecd4450e34) Importer(815301076,1909f56bfc062723c751e8b465ee728b)
Start importing Assets/Resources/3DAssets/PolygonOffice/Materials/PolygonOffice_Material_01_A.mat using Guid(2f834016e53f12c42a12baecd4450e34) Importer(815301076,1909f56bfc062723c751e8b465ee728b)  -> (artifact id: 'c833e2b76153154cd64fea283c14dd53') in 0.220739 seconds 
========================================================================
Received Import Request.
  Time since last request: 0.000222 seconds.
  path: Assets/Resources/3DAssets/PolygonOffice/Materials/PolygonOffice_Material_03_A.mat
  artifactKey: Guid(c648aa29e04ae994292fdd683107d568) Importer(815301076,1909f56bfc062723c751e8b465ee728b)
Start importing Assets/Resources/3DAssets/PolygonOffice/Materials/PolygonOffice_Material_03_A.mat using Guid(c648aa29e04ae994292fdd683107d568) Importer(815301076,1909f56bfc062723c751e8b465ee728b)  -> (artifact id: '2f70a5f8bfdaf39d1fbb4c6331b35b3f') in 0.024981 seconds 
========================================================================
Received Import Request.
  Time since last request: 0.000030 seconds.
  path: Assets/Resources/3DAssets/PolygonOffice/Materials/PolygonOffice_Material_04_A.mat
  artifactKey: Guid(6d08a61443859d747a9ec3b1d1b5116f) Importer(815301076,1909f56bfc062723c751e8b465ee728b)
Start importing Assets/Resources/3DAssets/PolygonOffice/Materials/PolygonOffice_Material_04_A.mat using Guid(6d08a61443859d747a9ec3b1d1b5116f) Importer(815301076,1909f56bfc062723c751e8b465ee728b)  -> (artifact id: 'a8fbe0c3dc3c5d02b7883ce7b23a7cc1') in 0.009879 seconds 
========================================================================
Received Import Request.
  Time since last request: 1.339083 seconds.
  path: Assets/Resources/3DAssets/PolygonOffice/Models
  artifactKey: Guid(a9e5495ffb52d4d40abfd4345f30b6c2) Importer(815301076,1909f56bfc062723c751e8b465ee728b)
Start importing Assets/Resources/3DAssets/PolygonOffice/Models using Guid(a9e5495ffb52d4d40abfd4345f30b6c2) Importer(815301076,1909f56bfc062723c751e8b465ee728b)  -> (artifact id: 'dbf6f2c95816d8b5a6e7923c3c508a10') in 0.000766 seconds 
========================================================================
Received Import Request.
  Time since last request: 0.058623 seconds.
  path: Assets/Resources/3DAssets/PolygonOffice/Models/Character.fbx
  artifactKey: Guid(318840a7e38980943bb4c508fa842265) Importer(815301076,1909f56bfc062723c751e8b465ee728b)
Start importing Assets/Resources/3DAssets/PolygonOffice/Models/Character.fbx using Guid(318840a7e38980943bb4c508fa842265) Importer(815301076,1909f56bfc062723c751e8b465ee728b)  -> (artifact id: 'c745a954bdd9160f454ffbc1ac770ce7') in 0.202954 seconds 
========================================================================
Received Import Request.
  Time since last request: 4.261616 seconds.
  path: Assets/Resources/3DAssets/PolygonOffice/Prefabs
  artifactKey: Guid(2b1263c9a52814b6a96e84a66846176e) Importer(815301076,1909f56bfc062723c751e8b465ee728b)
Start importing Assets/Resources/3DAssets/PolygonOffice/Prefabs using Guid(2b1263c9a52814b6a96e84a66846176e) Importer(815301076,1909f56bfc062723c751e8b465ee728b)  -> (artifact id: '3dc1e2082ff5d3b2ebe0a00d9644005d') in 0.000758 seconds 
========================================================================
Received Import Request.
  Time since last request: 5.070166 seconds.
  path: Assets/Resources/3DAssets/PolygonOffice/Prefabs/Buildings
  artifactKey: Guid(888a622ee14e94403bf72b85b08aa81c) Importer(815301076,1909f56bfc062723c751e8b465ee728b)
Start importing Assets/Resources/3DAssets/PolygonOffice/Prefabs/Buildings using Guid(888a622ee14e94403bf72b85b08aa81c) Importer(815301076,1909f56bfc062723c751e8b465ee728b)  -> (artifact id: 'bce2e536419a4aebfe11f94c04ca8c20') in 0.001753 seconds 
========================================================================
Received Import Request.
  Time since last request: 0.063352 seconds.
  path: Assets/Resources/3DAssets/PolygonOffice/Prefabs/Buildings/SM_Bld_Door_05.prefab
  artifactKey: Guid(396d1000772b6b34ab1ab759d21ec6c9) Importer(815301076,1909f56bfc062723c751e8b465ee728b)
Start importing Assets/Resources/3DAssets/PolygonOffice/Prefabs/Buildings/SM_Bld_Door_05.prefab using Guid(396d1000772b6b34ab1ab759d21ec6c9) Importer(815301076,1909f56bfc062723c751e8b465ee728b)  -> (artifact id: '7001de78f434970ddd103f47adf4c385') in 0.018790 seconds 
========================================================================
Received Import Request.
  Time since last request: 0.000041 seconds.
  path: Assets/Resources/3DAssets/PolygonOffice/Prefabs/Buildings/SM_Bld_Wall_Baseboard_Window_01.prefab
  artifactKey: Guid(6fcbb7c2744bf764f9c7f6f46767b77f) Importer(815301076,1909f56bfc062723c751e8b465ee728b)
Start importing Assets/Resources/3DAssets/PolygonOffice/Prefabs/Buildings/SM_Bld_Wall_Baseboard_Window_01.prefab using Guid(6fcbb7c2744bf764f9c7f6f46767b77f) Importer(815301076,1909f56bfc062723c751e8b465ee728b)  -> (artifact id: 'cd179913e6e4c529d72d5ab39d42c17d') in 0.104979 seconds 
========================================================================
Received Import Request.
  Time since last request: 1.308987 seconds.
  path: Assets/Resources/3DAssets/PolygonOffice/Prefabs/Characters
  artifactKey: Guid(4d91bea3e77d24812aa36387f8896a14) Importer(815301076,1909f56bfc062723c751e8b465ee728b)
Start importing Assets/Resources/3DAssets/PolygonOffice/Prefabs/Characters using Guid(4d91bea3e77d24812aa36387f8896a14) Importer(815301076,1909f56bfc062723c751e8b465ee728b)  -> (artifact id: 'cbcb4f0369ebff9f51020b6a3e5b1e87') in 0.001738 seconds 
========================================================================
Received Import Request.
  Time since last request: 0.053554 seconds.
  path: Assets/Resources/3DAssets/PolygonOffice/Prefabs/Characters/SM_Chr_Business_Male_04.prefab
  artifactKey: Guid(1479c81f0e50d034fbd932f2971da914) Importer(815301076,1909f56bfc062723c751e8b465ee728b)
Start importing Assets/Resources/3DAssets/PolygonOffice/Prefabs/Characters/SM_Chr_Business_Male_04.prefab using Guid(1479c81f0e50d034fbd932f2971da914) Importer(815301076,1909f56bfc062723c751e8b465ee728b)  -> (artifact id: 'f26fa723396fa3e809c4b775e8a0c42d') in 0.033263 seconds 
========================================================================
Received Import Request.
  Time since last request: 1.076393 seconds.
  path: Assets/Resources/3DAssets/PolygonOffice/Prefabs/Props
  artifactKey: Guid(58217671064b348148c473b4cd3eb34c) Importer(815301076,1909f56bfc062723c751e8b465ee728b)
Start importing Assets/Resources/3DAssets/PolygonOffice/Prefabs/Props using Guid(58217671064b348148c473b4cd3eb34c) Importer(815301076,1909f56bfc062723c751e8b465ee728b)  -> (artifact id: '1d5c252fb3c935ddc8abbd2a058872c2') in 0.001453 seconds 
========================================================================
Received Import Request.
  Time since last request: 1.938363 seconds.
  path: Assets/Resources/3DAssets/PolygonOffice/Prefabs/Props/Wall Props
  artifactKey: Guid(865f458110c07469f848482508a5ccf7) Importer(815301076,1909f56bfc062723c751e8b465ee728b)
Start importing Assets/Resources/3DAssets/PolygonOffice/Prefabs/Props/Wall Props using Guid(865f458110c07469f848482508a5ccf7) Importer(815301076,1909f56bfc062723c751e8b465ee728b)  -> (artifact id: '5ac318daf006c8db05292ca1b3e291eb') in 0.001608 seconds 
========================================================================
Received Import Request.
  Time since last request: 0.051058 seconds.
  path: Assets/Resources/3DAssets/PolygonOffice/Prefabs/Props/Wall Props/SM_Prop_Socket_Switch_01.prefab
  artifactKey: Guid(fdfb9caedb76de945869ccf8157e4122) Importer(815301076,1909f56bfc062723c751e8b465ee728b)
Start importing Assets/Resources/3DAssets/PolygonOffice/Prefabs/Props/Wall Props/SM_Prop_Socket_Switch_01.prefab using Guid(fdfb9caedb76de945869ccf8157e4122) Importer(815301076,1909f56bfc062723c751e8b465ee728b)  -> (artifact id: '73740c30dfd9003c2cd66529cfb86cc7') in 0.021976 seconds 
========================================================================
Received Import Request.
  Time since last request: 8.422303 seconds.
  path: Assets/Resources/3DAssets/PolygonOffice/Textures
  artifactKey: Guid(60e888946cd874eaf8514315ef3ba8c7) Importer(815301076,1909f56bfc062723c751e8b465ee728b)
Start importing Assets/Resources/3DAssets/PolygonOffice/Textures using Guid(60e888946cd874eaf8514315ef3ba8c7) Importer(815301076,1909f56bfc062723c751e8b465ee728b)  -> (artifact id: '69007b19373643fe21695f089fa16572') in 0.001618 seconds 
========================================================================
Received Import Request.
  Time since last request: 36.290748 seconds.
  path: Assets/Scenes
  artifactKey: Guid(8238cff516d514dcdb09839a90171d40) Importer(815301076,1909f56bfc062723c751e8b465ee728b)
Start importing Assets/Scenes using Guid(8238cff516d514dcdb09839a90171d40) Importer(815301076,1909f56bfc062723c751e8b465ee728b)  -> (artifact id: '36c15f57a173b4ea403b3a4e4bbb83b5') in 0.001996 seconds 
========================================================================
Received Import Request.
  Time since last request: 1.787666 seconds.
  path: Assets/Resources/Scripts
  artifactKey: Guid(9f8f0a4e91a86487f98e2387add1f05c) Importer(815301076,1909f56bfc062723c751e8b465ee728b)
Start importing Assets/Resources/Scripts using Guid(9f8f0a4e91a86487f98e2387add1f05c) Importer(815301076,1909f56bfc062723c751e8b465ee728b)  -> (artifact id: '0134fb4c8a1f42d3bef5a8d919c8bdc8') in 0.001303 seconds 
========================================================================
Received Import Request.
  Time since last request: 0.525706 seconds.
  path: Assets/Resources/Scripts/VRTranslate.cs
  artifactKey: Guid(4239b218d4b89448f839460b1030f717) Importer(815301076,1909f56bfc062723c751e8b465ee728b)
Start importing Assets/Resources/Scripts/VRTranslate.cs using Guid(4239b218d4b89448f839460b1030f717) Importer(815301076,1909f56bfc062723c751e8b465ee728b)  -> (artifact id: '5d50925a424352f8d952f836d5b8165d') in 0.126311 seconds 
========================================================================
Received Prepare
Registering precompiled user dll's ...
Registered in 0.000954 seconds.
Begin MonoManager ReloadAssembly
Thread 0x17cf47000 may have been prematurely finalized
Native extension for iOS target not found
Native extension for OSXStandalone target not found
Refreshing native plugins compatible for Editor in 0.29 ms, found 2 plugins.
Preloading 0 native plugins for Editor in 0.00 ms.
Mono: successfully reloaded assembly
- Completed reload, in  0.721 seconds
Domain Reload Profiling:
	ReloadAssembly (721ms)
		BeginReloadAssembly (90ms)
			ExecutionOrderSort (0ms)
			DisableScriptedObjects (2ms)
			BackupInstance (0ms)
			ReleaseScriptingObjects (0ms)
			CreateAndSetChildDomain (37ms)
		EndReloadAssembly (581ms)
			LoadAssemblies (34ms)
			RebuildTransferFunctionScriptingTraits (0ms)
			SetupTypeCache (156ms)
			ReleaseScriptCaches (1ms)
			RebuildScriptCaches (23ms)
			SetupLoadedEditorAssemblies (347ms)
				LogAssemblyErrors (0ms)
				InitializePlatformSupportModulesInManaged (137ms)
				SetLoadedEditorAssemblies (0ms)
				RefreshPlugins (0ms)
				BeforeProcessingInitializeOnLoad (25ms)
				ProcessInitializeOnLoadAttributes (175ms)
				ProcessInitializeOnLoadMethodAttributes (9ms)
				AfterProcessingInitializeOnLoad (1ms)
				EditorAssembliesLoaded (0ms)
			ExecutionOrderSort2 (0ms)
			AwakeInstancesAfterBackupRestoration (2ms)
Platform modules already initialized, skipping
Refreshing native plugins compatible for Editor in 0.65 ms, found 2 plugins.
Preloading 0 native plugins for Editor in 0.00 ms.
Unloading 3425 Unused Serialized files (Serialized files now loaded: 0)
Unloading 20 unused Assets / (42.1 KB). Loaded Objects now: 3943.
Memory consumption went from 100.7 MB to 100.6 MB.
Total: 2.429375 ms (FindLiveObjects: 0.125125 ms CreateObjectMapping: 0.031542 ms MarkObjects: 2.206041 ms  DeleteObjects: 0.065833 ms)

AssetImportParameters requested are different than current active one (requested -> active):
  custom:video-decoder-ogg-theora: a1e56fd34408186e4bbccfd4996cb3dc -> 
  custom:container-muxer-webm: aa71ff27fc2769a1b78a27578f13a17b -> 
  custom:container-demuxer-webm: 4f35f7cbe854078d1ac9338744f61a02 -> 
  custom:video-encoder-webm-vp8: eb34c28f22e8b96e1ab97ce403110664 -> 
  custom:framework-osx-AVFoundation: e770b220cccbd017edd2c1fefb359320 -> 
  custom:audio-encoder-webm-vorbis: bf7c407c2cedff20999df2af8eb42d56 -> 
  custom:container-demuxer-ogg: 62fdf1f143b41e24485cea50d1cbac27 -> 
  custom:video-decoder-webm-vp8: 9c59270c3fd7afecdb556c50c9e8de78 -> 
  custom:audio-decoder-ogg-vorbis: bf7c407c2cedff20999df2af8eb42d56 -> 
